Performing C SOURCE FILE Test HAVE_THREAD_LOCAL_STORAGE failed with the following output:
Change Dir: /home/user/QT_Nest/nlopt/CMakeFiles/CMakeTmp

Run Build Command:"/usr/bin/make" "cmTC_4aa32/fast"
/usr/bin/make -f CMakeFiles/cmTC_4aa32.dir/build.make CMakeFiles/cmTC_4aa32.dir/build
make[1]: Entering directory '/home/user/QT_Nest/nlopt/CMakeFiles/CMakeTmp'
Building C object CMakeFiles/cmTC_4aa32.dir/src.c.o
/usr/bin/cc   -DHAVE_THREAD_LOCAL_STORAGE   -o CMakeFiles/cmTC_4aa32.dir/src.c.o   -c /home/user/QT_Nest/nlopt/CMakeFiles/CMakeTmp/src.c
/home/user/QT_Nest/nlopt/CMakeFiles/CMakeTmp/src.c:2:5: warning: return type defaults to ‘int’ [-Wimplicit-int]
     __declspec(thread) int tls;
     ^~~~~~~~~~
/home/user/QT_Nest/nlopt/CMakeFiles/CMakeTmp/src.c: In function ‘__declspec’:
/home/user/QT_Nest/nlopt/CMakeFiles/CMakeTmp/src.c:4:20: error: expected ‘=’, ‘,’, ‘;’, ‘asm’ or ‘__attribute__’ before ‘{’ token
     int main(void) {
                    ^
/home/user/QT_Nest/nlopt/CMakeFiles/CMakeTmp/src.c:2:5: warning: type of ‘thread’ defaults to ‘int’ [-Wimplicit-int]
     __declspec(thread) int tls;
     ^~~~~~~~~~
/home/user/QT_Nest/nlopt/CMakeFiles/CMakeTmp/src.c:2:28: error: declaration for parameter ‘tls’ but no such parameter
     __declspec(thread) int tls;
                            ^~~
/home/user/QT_Nest/nlopt/CMakeFiles/CMakeTmp/src.c:6: error: expected ‘{’ at end of input
     }
 
make[1]: *** [CMakeFiles/cmTC_4aa32.dir/build.make:66: CMakeFiles/cmTC_4aa32.dir/src.c.o] Error 1
make[1]: Leaving directory '/home/user/QT_Nest/nlopt/CMakeFiles/CMakeTmp'
make: *** [Makefile:121: cmTC_4aa32/fast] Error 2

Source file was:

    __declspec(thread) int tls;

    int main(void) {
        return 0;
    }
